Added Component: Designator=C1(0603)
Add component (AddParameter): Name = "Mounted"; Value = "Yes"; VariantName = "[No Variations]"
Add component (AddParameter): Name = "Package / Case"; Value = "Metric 1608, EIA 0603"; VariantName = "[No Variations]"
Add component (AddParameter): Name = "Precision"; Value = "X7R-10%"; VariantName = "[No Variations]"
Add component (AddParameter): Name = "Supplier 1"; Value = "Digi-Key"; VariantName = "[No Variations]"
Add component (AddParameter): Name = "Supplier 2"; Value = "Digi-Key"; VariantName = "[No Variations]"
Add component (AddParameter): Name = "Supplier 3"; Value = "Digi-Key"; VariantName = "[No Variations]"
Add component (AddParameter): Name = "Supplier 4"; Value = "Digi-Key"; VariantName = "[No Variations]"
Add component (AddParameter): Name = "Supplier Part Number 1"; Value = "445-5667-1-ND"; VariantName = "[No Variations]"
Add component (AddParameter): Name = "Supplier Part Number 2"; Value = "587-3468-1-ND"; VariantName = "[No Variations]"
Add component (AddParameter): Name = "Supplier Part Number 3"; Value = "1276-6717-1-ND"; VariantName = "[No Variations]"
Add component (AddParameter): Name = "Supplier Part Number 4"; Value = "399-6854-1-ND"; VariantName = "[No Variations]"
Add component (AddParameter): Name = "Value"; Value = "100nF"; VariantName = "[No Variations]"
Add component (AddParameter): Name = "Volt"; Value = "25V"; VariantName = "[No Variations]"
Added Component: Designator=C2(C1206)
Add component (AddParameter): Name = "Mounted"; Value = "Yes"; VariantName = "[No Variations]"
Add component (AddParameter): Name = "Package / Case"; Value = "Metric 3216, EIA 1206"; VariantName = "[No Variations]"
Add component (AddParameter): Name = "Precision"; Value = "X5R-20%"; VariantName = "[No Variations]"
Add component (AddParameter): Name = "Supplier 1"; Value = "Digi-Key"; VariantName = "[No Variations]"
Add component (AddParameter): Name = "Supplier 2"; Value = "Digi-Key"; VariantName = "[No Variations]"
Add component (AddParameter): Name = "Supplier 3"; Value = "Digi-Key"; VariantName = "[No Variations]"
Add component (AddParameter): Name = "Supplier Part Number 1"; Value = "490-12456-1-ND"; VariantName = "[No Variations]"
Add component (AddParameter): Name = "Supplier Part Number 2"; Value = "445-7886-1-ND"; VariantName = "[No Variations]"
Add component (AddParameter): Name = "Supplier Part Number 3"; Value = "445-12883-1-ND"; VariantName = "[No Variations]"
Add component (AddParameter): Name = "Value"; Value = "10uF"; VariantName = "[No Variations]"
Add component (AddParameter): Name = "Volt"; Value = "50V"; VariantName = "[No Variations]"
Added Component: Designator=C3(C1206)
Add component (AddParameter): Name = "Mounted"; Value = "Yes"; VariantName = "[No Variations]"
Add component (AddParameter): Name = "Package / Case"; Value = "Metric 3216, EIA 1206"; VariantName = "[No Variations]"
Add component (AddParameter): Name = "Precision"; Value = "X5R-20%"; VariantName = "[No Variations]"
Add component (AddParameter): Name = "Supplier 1"; Value = "Digi-Key"; VariantName = "[No Variations]"
Add component (AddParameter): Name = "Supplier 2"; Value = "Digi-Key"; VariantName = "[No Variations]"
Add component (AddParameter): Name = "Supplier 3"; Value = "Digi-Key"; VariantName = "[No Variations]"
Add component (AddParameter): Name = "Supplier 4"; Value = "Digi-Key"; VariantName = "[No Variations]"
Add component (AddParameter): Name = "Supplier Part Number 1"; Value = "587-3330-1-ND"; VariantName = "[No Variations]"
Add component (AddParameter): Name = "Supplier Part Number 2"; Value = "490-12410-1-ND"; VariantName = "[No Variations]"
Add component (AddParameter): Name = "Supplier Part Number 3"; Value = "490-12409-1-ND"; VariantName = "[No Variations]"
Add component (AddParameter): Name = "Supplier Part Number 4"; Value = "445-12847-1-ND"; VariantName = "[No Variations]"
Add component (AddParameter): Name = "Value"; Value = "22uF"; VariantName = "[No Variations]"
Add component (AddParameter): Name = "Volt"; Value = "16V"; VariantName = "[No Variations]"
Added Component: Designator=C4(C1206)
Add component (AddParameter): Name = "Mounted"; Value = "Yes"; VariantName = "[No Variations]"
Add component (AddParameter): Name = "Package / Case"; Value = "Metric 3216, EIA 1206"; VariantName = "[No Variations]"
Add component (AddParameter): Name = "Precision"; Value = "X5R-20%"; VariantName = "[No Variations]"
Add component (AddParameter): Name = "Supplier 1"; Value = "Digi-Key"; VariantName = "[No Variations]"
Add component (AddParameter): Name = "Supplier 2"; Value = "Digi-Key"; VariantName = "[No Variations]"
Add component (AddParameter): Name = "Supplier 3"; Value = "Digi-Key"; VariantName = "[No Variations]"
Add component (AddParameter): Name = "Supplier 4"; Value = "Digi-Key"; VariantName = "[No Variations]"
Add component (AddParameter): Name = "Supplier Part Number 1"; Value = "587-3330-1-ND"; VariantName = "[No Variations]"
Add component (AddParameter): Name = "Supplier Part Number 2"; Value = "490-12410-1-ND"; VariantName = "[No Variations]"
Add component (AddParameter): Name = "Supplier Part Number 3"; Value = "490-12409-1-ND"; VariantName = "[No Variations]"
Add component (AddParameter): Name = "Supplier Part Number 4"; Value = "445-12847-1-ND"; VariantName = "[No Variations]"
Add component (AddParameter): Name = "Value"; Value = "22uF"; VariantName = "[No Variations]"
Add component (AddParameter): Name = "Volt"; Value = "16V"; VariantName = "[No Variations]"
Added Component: Designator=L1(VLS6045EX_COIL)
Add component (AddParameter): Name = "Current"; Value = "4.95"; VariantName = "[No Variations]"
Add component (AddParameter): Name = "Mounted"; Value = "Yes"; VariantName = "[No Variations]"
Add component (AddParameter): Name = "Package / Case"; Value = "SMD"; VariantName = "[No Variations]"
Add component (AddParameter): Name = "Precision"; Value = "30%"; VariantName = "[No Variations]"
Add component (AddParameter): Name = "Supplier 1"; Value = "Digi-Key"; VariantName = "[No Variations]"
Add component (AddParameter): Name = "Supplier Number"; Value = "445-173052-2-ND"; VariantName = "[No Variations]"
Add component (AddParameter): Name = "Value"; Value = "3.3uH"; VariantName = "[No Variations]"
Added Component: Designator=P1(HDR1X3)
Add component (AddParameter): Name = "LatestRevisionDate"; Value = "17-Jul-2002"; VariantName = "[No Variations]"
Add component (AddParameter): Name = "LatestRevisionNote"; Value = "Re-released for DXP Platform."; VariantName = "[No Variations]"
Add component (AddParameter): Name = "Publisher"; Value = "Altium Limited"; VariantName = "[No Variations]"
Added Component: Designator=P2(HDR1X3)
Add component (AddParameter): Name = "LatestRevisionDate"; Value = "17-Jul-2002"; VariantName = "[No Variations]"
Add component (AddParameter): Name = "LatestRevisionNote"; Value = "Re-released for DXP Platform."; VariantName = "[No Variations]"
Add component (AddParameter): Name = "Publisher"; Value = "Altium Limited"; VariantName = "[No Variations]"
Added Component: Designator=P3(HDR1X3)
Add component (AddParameter): Name = "LatestRevisionDate"; Value = "17-Jul-2002"; VariantName = "[No Variations]"
Add component (AddParameter): Name = "LatestRevisionNote"; Value = "Re-released for DXP Platform."; VariantName = "[No Variations]"
Add component (AddParameter): Name = "Publisher"; Value = "Altium Limited"; VariantName = "[No Variations]"
Added Component: Designator=P4(Weco 2)
Add component (AddParameter): Name = "Built_By"; Value = "Luka & Émile"; VariantName = "[No Variations]"
Add component (AddParameter): Name = "Copyright"; Value = "Luka & Émile"; VariantName = "[No Variations]"
Add component (AddParameter): Name = "Datasheet Link"; Value = "http://www.jst-mfg.com/product/pdf/eng/eXH.pdf"; VariantName = "[No Variations]"
Add component (AddParameter): Name = "Excel Number"; Value = "E-0060"; VariantName = "[No Variations]"
Add component (AddParameter): Name = "Manufacturer_Name"; Value = "JST Sales America Inc."; VariantName = "[No Variations]"
Add component (AddParameter): Name = "Manufacturer_Part_Number"; Value = "S4B-XH-A(LF)(SN)"; VariantName = "[No Variations]"
Add component (AddParameter): Name = "Vendor"; Value = "https://www.digikey.ca/product-detail/en/jst-sales-america-inc/S4B-XH-A(LF)(SN)/455-2243-ND/1651041"; VariantName = "[No Variations]"
Added Component: Designator=P5(Weco 2)
Add component (AddParameter): Name = "Built_By"; Value = "Luka & Émile"; VariantName = "[No Variations]"
Add component (AddParameter): Name = "Copyright"; Value = "Luka & Émile"; VariantName = "[No Variations]"
Add component (AddParameter): Name = "Datasheet Link"; Value = "http://www.jst-mfg.com/product/pdf/eng/eXH.pdf"; VariantName = "[No Variations]"
Add component (AddParameter): Name = "Excel Number"; Value = "E-0060"; VariantName = "[No Variations]"
Add component (AddParameter): Name = "Manufacturer_Name"; Value = "JST Sales America Inc."; VariantName = "[No Variations]"
Add component (AddParameter): Name = "Manufacturer_Part_Number"; Value = "S4B-XH-A(LF)(SN)"; VariantName = "[No Variations]"
Add component (AddParameter): Name = "Vendor"; Value = "https://www.digikey.ca/product-detail/en/jst-sales-america-inc/S4B-XH-A(LF)(SN)/455-2243-ND/1651041"; VariantName = "[No Variations]"
Added Component: Designator=R1(0603)
Add component (AddParameter): Name = "Mounted"; Value = "Yes"; VariantName = "[No Variations]"
Add component (AddParameter): Name = "Package / Case"; Value = "Metric 1608, EIA 0603"; VariantName = "[No Variations]"
Add component (AddParameter): Name = "Precision"; Value = "1%"; VariantName = "[No Variations]"
Add component (AddParameter): Name = "Supplier 1"; Value = "Digi-Key"; VariantName = "[No Variations]"
Add component (AddParameter): Name = "Supplier 2"; Value = "Digi-Key"; VariantName = "[No Variations]"
Add component (AddParameter): Name = "Supplier 3"; Value = "Digi-Key"; VariantName = "[No Variations]"
Add component (AddParameter): Name = "Supplier 4"; Value = "Digi-Key"; VariantName = "[No Variations]"
Add component (AddParameter): Name = "Supplier Part Number 1"; Value = "P56.2kHTR-ND"; VariantName = "[No Variations]"
Add component (AddParameter): Name = "Supplier Part Number 2"; Value = "311-56.2kHRTR-ND"; VariantName = "[No Variations]"
Add component (AddParameter): Name = "Supplier Part Number 3"; Value = "RHM56.2kCFTR-ND"; VariantName = "[No Variations]"
Add component (AddParameter): Name = "Supplier Part Number 4"; Value = "541-56.2kHTR-ND"; VariantName = "[No Variations]"
Add component (AddParameter): Name = "Value"; Value = "56.2k"; VariantName = "[No Variations]"
Add component (AddParameter): Name = "Watt"; Value = "0.1W"; VariantName = "[No Variations]"
Added Component: Designator=R2(0603)
Add component (AddParameter): Name = "Mounted"; Value = "Yes"; VariantName = "[No Variations]"
Add component (AddParameter): Name = "Package / Case"; Value = "Metric 1608, EIA 0603"; VariantName = "[No Variations]"
Add component (AddParameter): Name = "Precision"; Value = "1%"; VariantName = "[No Variations]"
Add component (AddParameter): Name = "Supplier 1"; Value = "Digi-Key"; VariantName = "[No Variations]"
Add component (AddParameter): Name = "Supplier 2"; Value = "Digi-Key"; VariantName = "[No Variations]"
Add component (AddParameter): Name = "Supplier 3"; Value = "Digi-Key"; VariantName = "[No Variations]"
Add component (AddParameter): Name = "Supplier 4"; Value = "Digi-Key"; VariantName = "[No Variations]"
Add component (AddParameter): Name = "Supplier Part Number 1"; Value = "P10.0kHTR-ND"; VariantName = "[No Variations]"
Add component (AddParameter): Name = "Supplier Part Number 2"; Value = "311-10.0kHRTR-ND"; VariantName = "[No Variations]"
Add component (AddParameter): Name = "Supplier Part Number 3"; Value = "RHM10.0kCFTR-ND"; VariantName = "[No Variations]"
Add component (AddParameter): Name = "Supplier Part Number 4"; Value = "541-10.0kHTR-ND"; VariantName = "[No Variations]"
Add component (AddParameter): Name = "Value"; Value = "10.0k"; VariantName = "[No Variations]"
Add component (AddParameter): Name = "Watt"; Value = "0.1W"; VariantName = "[No Variations]"
Added Component: Designator=R3(0603)
Add component (AddParameter): Name = "Mounted"; Value = "Yes"; VariantName = "[No Variations]"
Add component (AddParameter): Name = "Package / Case"; Value = "Metric 1608, EIA 0603"; VariantName = "[No Variations]"
Add component (AddParameter): Name = "Precision"; Value = "1%"; VariantName = "[No Variations]"
Add component (AddParameter): Name = "Supplier 1"; Value = "Digi-Key"; VariantName = "[No Variations]"
Add component (AddParameter): Name = "Supplier 2"; Value = "Digi-Key"; VariantName = "[No Variations]"
Add component (AddParameter): Name = "Supplier 3"; Value = "Digi-Key"; VariantName = "[No Variations]"
Add component (AddParameter): Name = "Supplier 4"; Value = "Digi-Key"; VariantName = "[No Variations]"
Add component (AddParameter): Name = "Supplier Part Number 1"; Value = "P56.2kHTR-ND"; VariantName = "[No Variations]"
Add component (AddParameter): Name = "Supplier Part Number 2"; Value = "311-56.2kHRTR-ND"; VariantName = "[No Variations]"
Add component (AddParameter): Name = "Supplier Part Number 3"; Value = "RHM56.2kCFTR-ND"; VariantName = "[No Variations]"
Add component (AddParameter): Name = "Supplier Part Number 4"; Value = "541-56.2kHTR-ND"; VariantName = "[No Variations]"
Add component (AddParameter): Name = "Value"; Value = "68k"; VariantName = "[No Variations]"
Add component (AddParameter): Name = "Watt"; Value = "0.1W"; VariantName = "[No Variations]"
Added Component: Designator=R4(0603)
Add component (AddParameter): Name = "Mounted"; Value = "Yes"; VariantName = "[No Variations]"
Add component (AddParameter): Name = "Package / Case"; Value = "Metric 1608, EIA 0603"; VariantName = "[No Variations]"
Add component (AddParameter): Name = "Precision"; Value = "1%"; VariantName = "[No Variations]"
Add component (AddParameter): Name = "Supplier 1"; Value = "Digi-Key"; VariantName = "[No Variations]"
Add component (AddParameter): Name = "Supplier 2"; Value = "Digi-Key"; VariantName = "[No Variations]"
Add component (AddParameter): Name = "Supplier 3"; Value = "Digi-Key"; VariantName = "[No Variations]"
Add component (AddParameter): Name = "Supplier 4"; Value = "Digi-Key"; VariantName = "[No Variations]"
Add component (AddParameter): Name = "Supplier Part Number 1"; Value = "P56.2kHTR-ND"; VariantName = "[No Variations]"
Add component (AddParameter): Name = "Supplier Part Number 2"; Value = "311-56.2kHRTR-ND"; VariantName = "[No Variations]"
Add component (AddParameter): Name = "Supplier Part Number 3"; Value = "RHM56.2kCFTR-ND"; VariantName = "[No Variations]"
Add component (AddParameter): Name = "Supplier Part Number 4"; Value = "541-56.2kHTR-ND"; VariantName = "[No Variations]"
Add component (AddParameter): Name = "Value"; Value = "33.2k"; VariantName = "[No Variations]"
Add component (AddParameter): Name = "Watt"; Value = "0.1W"; VariantName = "[No Variations]"
Added Component: Designator=R5(0603)
Add component (AddParameter): Name = "Mounted"; Value = "Yes"; VariantName = "[No Variations]"
Add component (AddParameter): Name = "Package / Case"; Value = "Metric 1608, EIA 0603"; VariantName = "[No Variations]"
Add component (AddParameter): Name = "Precision"; Value = "1%"; VariantName = "[No Variations]"
Add component (AddParameter): Name = "Supplier 1"; Value = "Digi-Key"; VariantName = "[No Variations]"
Add component (AddParameter): Name = "Supplier 2"; Value = "Digi-Key"; VariantName = "[No Variations]"
Add component (AddParameter): Name = "Supplier 3"; Value = "Digi-Key"; VariantName = "[No Variations]"
Add component (AddParameter): Name = "Supplier 4"; Value = "Digi-Key"; VariantName = "[No Variations]"
Add component (AddParameter): Name = "Supplier Part Number 1"; Value = "P10.0kHTR-ND"; VariantName = "[No Variations]"
Add component (AddParameter): Name = "Supplier Part Number 2"; Value = "311-10.0kHRTR-ND"; VariantName = "[No Variations]"
Add component (AddParameter): Name = "Supplier Part Number 3"; Value = "RHM10.0kCFTR-ND"; VariantName = "[No Variations]"
Add component (AddParameter): Name = "Supplier Part Number 4"; Value = "541-10.0kHTR-ND"; VariantName = "[No Variations]"
Add component (AddParameter): Name = "Value"; Value = "0R"; VariantName = "[No Variations]"
Add component (AddParameter): Name = "Watt"; Value = "0.1W"; VariantName = "[No Variations]"
Added Component: Designator=R6(0603)
Add component (AddParameter): Name = "Mounted"; Value = "Yes"; VariantName = "[No Variations]"
Add component (AddParameter): Name = "Package / Case"; Value = "Metric 1608, EIA 0603"; VariantName = "[No Variations]"
Add component (AddParameter): Name = "Precision"; Value = "1%"; VariantName = "[No Variations]"
Add component (AddParameter): Name = "Supplier 1"; Value = "Digi-Key"; VariantName = "[No Variations]"
Add component (AddParameter): Name = "Supplier 2"; Value = "Digi-Key"; VariantName = "[No Variations]"
Add component (AddParameter): Name = "Supplier 3"; Value = "Digi-Key"; VariantName = "[No Variations]"
Add component (AddParameter): Name = "Supplier 4"; Value = "Digi-Key"; VariantName = "[No Variations]"
Add component (AddParameter): Name = "Supplier Part Number 1"; Value = "P10.0kHTR-ND"; VariantName = "[No Variations]"
Add component (AddParameter): Name = "Supplier Part Number 2"; Value = "311-10.0kHRTR-ND"; VariantName = "[No Variations]"
Add component (AddParameter): Name = "Supplier Part Number 3"; Value = "RHM10.0kCFTR-ND"; VariantName = "[No Variations]"
Add component (AddParameter): Name = "Supplier Part Number 4"; Value = "541-10.0kHTR-ND"; VariantName = "[No Variations]"
Add component (AddParameter): Name = "Value"; Value = "0R"; VariantName = "[No Variations]"
Add component (AddParameter): Name = "Watt"; Value = "0.1W"; VariantName = "[No Variations]"
Added Component: Designator=R7(0603)
Add component (AddParameter): Name = "Mounted"; Value = "Yes"; VariantName = "[No Variations]"
Add component (AddParameter): Name = "Package / Case"; Value = "Metric 1608, EIA 0603"; VariantName = "[No Variations]"
Add component (AddParameter): Name = "Precision"; Value = "1%"; VariantName = "[No Variations]"
Add component (AddParameter): Name = "Supplier 1"; Value = "Digi-Key"; VariantName = "[No Variations]"
Add component (AddParameter): Name = "Supplier 2"; Value = "Digi-Key"; VariantName = "[No Variations]"
Add component (AddParameter): Name = "Supplier 3"; Value = "Digi-Key"; VariantName = "[No Variations]"
Add component (AddParameter): Name = "Supplier 4"; Value = "Digi-Key"; VariantName = "[No Variations]"
Add component (AddParameter): Name = "Supplier Part Number 1"; Value = "P10.0kHTR-ND"; VariantName = "[No Variations]"
Add component (AddParameter): Name = "Supplier Part Number 2"; Value = "311-10.0kHRTR-ND"; VariantName = "[No Variations]"
Add component (AddParameter): Name = "Supplier Part Number 3"; Value = "RHM10.0kCFTR-ND"; VariantName = "[No Variations]"
Add component (AddParameter): Name = "Supplier Part Number 4"; Value = "541-10.0kHTR-ND"; VariantName = "[No Variations]"
Add component (AddParameter): Name = "Value"; Value = "0R"; VariantName = "[No Variations]"
Add component (AddParameter): Name = "Watt"; Value = "0.1W"; VariantName = "[No Variations]"
Added Component: Designator=R8(0603)
Add component (AddParameter): Name = "Mounted"; Value = "Yes"; VariantName = "[No Variations]"
Add component (AddParameter): Name = "Package / Case"; Value = "Metric 1608, EIA 0603"; VariantName = "[No Variations]"
Add component (AddParameter): Name = "Precision"; Value = "1%"; VariantName = "[No Variations]"
Add component (AddParameter): Name = "Supplier 1"; Value = "Digi-Key"; VariantName = "[No Variations]"
Add component (AddParameter): Name = "Supplier 2"; Value = "Digi-Key"; VariantName = "[No Variations]"
Add component (AddParameter): Name = "Supplier 3"; Value = "Digi-Key"; VariantName = "[No Variations]"
Add component (AddParameter): Name = "Supplier 4"; Value = "Digi-Key"; VariantName = "[No Variations]"
Add component (AddParameter): Name = "Supplier Part Number 1"; Value = "P10.0kHTR-ND"; VariantName = "[No Variations]"
Add component (AddParameter): Name = "Supplier Part Number 2"; Value = "311-10.0kHRTR-ND"; VariantName = "[No Variations]"
Add component (AddParameter): Name = "Supplier Part Number 3"; Value = "RHM10.0kCFTR-ND"; VariantName = "[No Variations]"
Add component (AddParameter): Name = "Supplier Part Number 4"; Value = "541-10.0kHTR-ND"; VariantName = "[No Variations]"
Add component (AddParameter): Name = "Value"; Value = "10.0k"; VariantName = "[No Variations]"
Add component (AddParameter): Name = "Watt"; Value = "0.1W"; VariantName = "[No Variations]"
Added Component: Designator=R9(0603)
Add component (AddParameter): Name = "Mounted"; Value = "Yes"; VariantName = "[No Variations]"
Add component (AddParameter): Name = "Package / Case"; Value = "Metric 1608, EIA 0603"; VariantName = "[No Variations]"
Add component (AddParameter): Name = "Precision"; Value = "1%"; VariantName = "[No Variations]"
Add component (AddParameter): Name = "Supplier 1"; Value = "Digi-Key"; VariantName = "[No Variations]"
Add component (AddParameter): Name = "Supplier 2"; Value = "Digi-Key"; VariantName = "[No Variations]"
Add component (AddParameter): Name = "Supplier 3"; Value = "Digi-Key"; VariantName = "[No Variations]"
Add component (AddParameter): Name = "Supplier 4"; Value = "Digi-Key"; VariantName = "[No Variations]"
Add component (AddParameter): Name = "Supplier Part Number 1"; Value = "P10.0kHTR-ND"; VariantName = "[No Variations]"
Add component (AddParameter): Name = "Supplier Part Number 2"; Value = "311-10.0kHRTR-ND"; VariantName = "[No Variations]"
Add component (AddParameter): Name = "Supplier Part Number 3"; Value = "RHM10.0kCFTR-ND"; VariantName = "[No Variations]"
Add component (AddParameter): Name = "Supplier Part Number 4"; Value = "541-10.0kHTR-ND"; VariantName = "[No Variations]"
Add component (AddParameter): Name = "Value"; Value = "10.0k"; VariantName = "[No Variations]"
Add component (AddParameter): Name = "Watt"; Value = "0.1W"; VariantName = "[No Variations]"
Added Component: Designator=U1(SOT23-6_L)
Add component (AddParameter): Name = "Current"; Value = "3"; VariantName = "[No Variations]"
Add component (AddParameter): Name = "Mounted"; Value = "Yes"; VariantName = "[No Variations]"
Add component (AddParameter): Name = "Package / Case"; Value = "SMD SOT-23-6"; VariantName = "[No Variations]"
Add component (AddParameter): Name = "Supplier 1"; Value = "Digi-Key"; VariantName = "[No Variations]"
Add component (AddParameter): Name = "Supplier Number"; Value = "31-AP62300TWU-7TR-ND"; VariantName = "[No Variations]"
Added Pin To Net: NetName=FB Pin=R5-1
Added Pin To Net: NetName=FB Pin=R6-1
Added Pin To Net: NetName=FB Pin=R7-1
Added Pin To Net: NetName=FB Pin=U1-4
Added Net: Name=FB
Added Pin To Net: NetName=GND Pin=C2-1
Added Pin To Net: NetName=GND Pin=C3-1
Added Pin To Net: NetName=GND Pin=C4-1
Added Pin To Net: NetName=GND Pin=P1-3
Added Pin To Net: NetName=GND Pin=P2-3
Added Pin To Net: NetName=GND Pin=P3-3
Added Pin To Net: NetName=GND Pin=P4-2
Added Pin To Net: NetName=GND Pin=P5-2
Added Pin To Net: NetName=GND Pin=R2-1
Added Pin To Net: NetName=GND Pin=R8-1
Added Pin To Net: NetName=GND Pin=R9-1
Added Pin To Net: NetName=GND Pin=U1-1
Added Net: Name=GND
Added Pin To Net: NetName=NetC1_1 Pin=C1-1
Added Pin To Net: NetName=NetC1_1 Pin=U1-6
Added Net: Name=NetC1_1
Added Pin To Net: NetName=NetC1_2 Pin=C1-2
Added Pin To Net: NetName=NetC1_2 Pin=L1-1
Added Pin To Net: NetName=NetC1_2 Pin=U1-2
Added Net: Name=NetC1_2
Added Pin To Net: NetName=NetR1_1 Pin=R1-1
Added Pin To Net: NetName=NetR1_1 Pin=R2-2
Added Pin To Net: NetName=NetR1_1 Pin=R6-2
Added Net: Name=NetR1_1
Added Pin To Net: NetName=NetR3_1 Pin=R3-1
Added Pin To Net: NetName=NetR3_1 Pin=R5-2
Added Pin To Net: NetName=NetR3_1 Pin=R8-2
Added Net: Name=NetR3_1
Added Pin To Net: NetName=NetR4_1 Pin=R4-1
Added Pin To Net: NetName=NetR4_1 Pin=R7-2
Added Pin To Net: NetName=NetR4_1 Pin=R9-2
Added Net: Name=NetR4_1
Added Pin To Net: NetName=servo1 Pin=P1-1
Added Pin To Net: NetName=servo1 Pin=P2-1
Added Net: Name=servo1
Added Pin To Net: NetName=servo2 Pin=P1-2
Added Pin To Net: NetName=servo2 Pin=P3-1
Added Net: Name=servo2
Added Pin To Net: NetName=VIN Pin=C2-2
Added Pin To Net: NetName=VIN Pin=P4-1
Added Pin To Net: NetName=VIN Pin=U1-3
Added Net: Name=VIN
Added Pin To Net: NetName=VOUT Pin=C3-2
Added Pin To Net: NetName=VOUT Pin=C4-2
Added Pin To Net: NetName=VOUT Pin=L1-2
Added Pin To Net: NetName=VOUT Pin=P2-2
Added Pin To Net: NetName=VOUT Pin=P3-2
Added Pin To Net: NetName=VOUT Pin=P5-1
Added Pin To Net: NetName=VOUT Pin=R1-2
Added Pin To Net: NetName=VOUT Pin=R3-2
Added Pin To Net: NetName=VOUT Pin=R4-2
Added Net: Name=VOUT
Added Class: Name=Sheet1
Added Room: Name=Sheet1
